
2017-12-10 @ 18:51:34:464 +0100
1512928293927 TRACE -> SetupPOS.main(): Welcome to SetupPOS
1512928293928 TRACE -> SetupPOS.main(): Printing System Properties - start
1512928293928 TRACE -> SetupPOS.main(): java.home = C:\Program Files\Java\jre1.8.0_151
1512928293928 TRACE -> SetupPOS.main(): java.vm.vendor = Oracle Corporation
1512928293928 TRACE -> SetupPOS.main(): java.runtime.name = Java(TM) SE Runtime Environment
1512928293928 TRACE -> SetupPOS.main(): java.vm.version = 25.151-b12
1512928293928 TRACE -> SetupPOS.main(): user.dir = C:\Program Files\EPSON\JavaPOS\SetupPOS
1512928293928 TRACE -> SetupPOS.main(): os.arch = x86
1512928293928 TRACE -> SetupPOS.main(): os.name = Windows 7
1512928293928 TRACE -> SetupPOS.main(): devsupport = null
1512928293928 TRACE -> SetupPOS.main(): backwardsComp = null
1512928293928 TRACE -> SetupPOS.main(): os.version = 6.1
1512928293928 TRACE -> SetupPOS.main(): user.country = DE
1512928293929 TRACE -> SetupPOS.main(): user.language = de
1512928293929 TRACE -> SetupPOS.main(): Printing System Properties - end.
1512928351035 TRACE -> JposUpdateDialog.saveTmp(): file location:C:\Program Files\EPSON\JavaPOS\SetupPOS\POSPrinter.xml
1512928366141 TRACE -> MainFrame$9.widgetSelected(): CheckHealth result 0
1512928366141 TRACE -> MainFrame$9.widgetSelected(): CheckHealth execute command = "java.exe" -classpath "./SetupPOS.jar";"./SetupRES.jar";"./SetupXML.jar";"./SetupXML_H2000.jar";"./SetupXML_H6000IV.jar";"./SetupXML_J7200.jar";"./SetupXML_J7700.jar";"./SetupXML_L90.jar";"./SetupXML_L90LinerFree.jar";"./SetupXML_m10.jar";"./SetupXML_m30.jar";"./SetupXML_m30_Mlt.jar";"./SetupXML_P20.jar";"./SetupXML_P60II.jar";"./SetupXML_P60IIPEELER.jar";"./SetupXML_P80.jar";"./SetupXML_P80-42C.jar";"./SetupXML_T20.jar";"./SetupXML_T20-42C.jar";"./SetupXML_T20II.jar";"./SetupXML_T20II-42C.jar";"./SetupXML_T60.jar";"./SetupXML_T60-42C.jar";"./SetupXML_T70II.jar";"./SetupXML_T81_203.jar";"./SetupXML_T81II.jar";"./SetupXML_T81II-42C.jar";"./SetupXML_T82.jar";"./SetupXML_T82-42C.jar";"./SetupXML_T82II.jar";"./SetupXML_T82II-42C.jar";"./SetupXML_T88V.jar";"./SetupXML_T88VI.jar";"./SetupXML_T88VI_MltIF.jar";"./swt.jar";"./xerces.jar";"./xercesImpl.jar";"../CheckHealth/CheckHealthTest.jar";"../lib/epsonupos.admin.jar";"../lib/epsonupos.core.v1.14.0001.jar";"../lib/epsonupos.core.v1.14.0001m.jar";"../lib/epsonupos.core.v1.14.0001T1.jar";"../lib/epsonupos.d30.jar";"../lib/epsonupos.H2000.jar";"../lib/epsonupos.H6000IV.jar";"../lib/epsonupos.J7K.jar";"../lib/epsonupos.jar";"../lib/epsonupos.L90.jar";"../lib/epsonupos.L90LinerFree.jar";"../lib/epsonupos.m30.jar";"../lib/epsonupos.Mobile.jar";"../lib/epsonupos.P20.jar";"../lib/epsonupos.P60II.jar";"../lib/epsonupos.P80.jar";"../lib/epsonupos.previous.jar";"../lib/epsonupos.T20.jar";"../lib/epsonupos.T20II.jar";"../lib/epsonupos.T70II.jar";"../lib/epsonupos.T81.jar";"../lib/epsonupos.T81II.jar";"../lib/epsonupos.T82.jar";"../lib/epsonupos.T82II.jar";"../lib/epsonupos.T88V.jar";"../lib/epsonupos.T88VI.jar";"../lib/epsonupos.trace.jar";"C:\Users\trPOSdev\AppData\Local\Temp\SetupPOS851444669377943571.jar";"../lib/pos.jar";"../lib/pos.v4.0001.jar";"../lib/pos.v4.0001_01.jar";"../lib/pos.v4.0001_02.jar";"";"../lib/uposcommon.jar";"../lib/uposcommon.core.v1.14.0001.jar";"../lib/uposcommon.core.v1.14.0001m.jar";"../lib/xml-apis.jar";"../lib/xercesImpl.jar" jp.co.epson.upos.CheckHealth POSPrinter POSPrinter en_US
1512928443114 TRACE -> MainFrame$9.widgetSelected(): CheckHealth result 0
1512928443114 TRACE -> MainFrame$9.widgetSelected(): CheckHealth execute command = "java.exe" -classpath "./SetupPOS.jar";"./SetupRES.jar";"./SetupXML.jar";"./SetupXML_H2000.jar";"./SetupXML_H6000IV.jar";"./SetupXML_J7200.jar";"./SetupXML_J7700.jar";"./SetupXML_L90.jar";"./SetupXML_L90LinerFree.jar";"./SetupXML_m10.jar";"./SetupXML_m30.jar";"./SetupXML_m30_Mlt.jar";"./SetupXML_P20.jar";"./SetupXML_P60II.jar";"./SetupXML_P60IIPEELER.jar";"./SetupXML_P80.jar";"./SetupXML_P80-42C.jar";"./SetupXML_T20.jar";"./SetupXML_T20-42C.jar";"./SetupXML_T20II.jar";"./SetupXML_T20II-42C.jar";"./SetupXML_T60.jar";"./SetupXML_T60-42C.jar";"./SetupXML_T70II.jar";"./SetupXML_T81_203.jar";"./SetupXML_T81II.jar";"./SetupXML_T81II-42C.jar";"./SetupXML_T82.jar";"./SetupXML_T82-42C.jar";"./SetupXML_T82II.jar";"./SetupXML_T82II-42C.jar";"./SetupXML_T88V.jar";"./SetupXML_T88VI.jar";"./SetupXML_T88VI_MltIF.jar";"./swt.jar";"./xerces.jar";"./xercesImpl.jar";"../CheckHealth/CheckHealthTest.jar";"../lib/epsonupos.admin.jar";"../lib/epsonupos.core.v1.14.0001.jar";"../lib/epsonupos.core.v1.14.0001m.jar";"../lib/epsonupos.core.v1.14.0001T1.jar";"../lib/epsonupos.d30.jar";"../lib/epsonupos.H2000.jar";"../lib/epsonupos.H6000IV.jar";"../lib/epsonupos.J7K.jar";"../lib/epsonupos.jar";"../lib/epsonupos.L90.jar";"../lib/epsonupos.L90LinerFree.jar";"../lib/epsonupos.m30.jar";"../lib/epsonupos.Mobile.jar";"../lib/epsonupos.P20.jar";"../lib/epsonupos.P60II.jar";"../lib/epsonupos.P80.jar";"../lib/epsonupos.previous.jar";"../lib/epsonupos.T20.jar";"../lib/epsonupos.T20II.jar";"../lib/epsonupos.T70II.jar";"../lib/epsonupos.T81.jar";"../lib/epsonupos.T81II.jar";"../lib/epsonupos.T82.jar";"../lib/epsonupos.T82II.jar";"../lib/epsonupos.T88V.jar";"../lib/epsonupos.T88VI.jar";"../lib/epsonupos.trace.jar";"C:\Users\trPOSdev\AppData\Local\Temp\SetupPOS851444669377943571.jar";"../lib/pos.jar";"../lib/pos.v4.0001.jar";"../lib/pos.v4.0001_01.jar";"../lib/pos.v4.0001_02.jar";"";"../lib/uposcommon.jar";"../lib/uposcommon.core.v1.14.0001.jar";"../lib/uposcommon.core.v1.14.0001m.jar";"../lib/xml-apis.jar";"../lib/xercesImpl.jar" jp.co.epson.upos.CheckHealth POSPrinter POSPrinter en_US
1512928484903 TRACE -> MainFrame$9.widgetSelected(): CheckHealth result 0
1512928484903 TRACE -> MainFrame$9.widgetSelected(): CheckHealth execute command = "java.exe" -classpath "./SetupPOS.jar";"./SetupRES.jar";"./SetupXML.jar";"./SetupXML_H2000.jar";"./SetupXML_H6000IV.jar";"./SetupXML_J7200.jar";"./SetupXML_J7700.jar";"./SetupXML_L90.jar";"./SetupXML_L90LinerFree.jar";"./SetupXML_m10.jar";"./SetupXML_m30.jar";"./SetupXML_m30_Mlt.jar";"./SetupXML_P20.jar";"./SetupXML_P60II.jar";"./SetupXML_P60IIPEELER.jar";"./SetupXML_P80.jar";"./SetupXML_P80-42C.jar";"./SetupXML_T20.jar";"./SetupXML_T20-42C.jar";"./SetupXML_T20II.jar";"./SetupXML_T20II-42C.jar";"./SetupXML_T60.jar";"./SetupXML_T60-42C.jar";"./SetupXML_T70II.jar";"./SetupXML_T81_203.jar";"./SetupXML_T81II.jar";"./SetupXML_T81II-42C.jar";"./SetupXML_T82.jar";"./SetupXML_T82-42C.jar";"./SetupXML_T82II.jar";"./SetupXML_T82II-42C.jar";"./SetupXML_T88V.jar";"./SetupXML_T88VI.jar";"./SetupXML_T88VI_MltIF.jar";"./swt.jar";"./xerces.jar";"./xercesImpl.jar";"../CheckHealth/CheckHealthTest.jar";"../lib/epsonupos.admin.jar";"../lib/epsonupos.core.v1.14.0001.jar";"../lib/epsonupos.core.v1.14.0001m.jar";"../lib/epsonupos.core.v1.14.0001T1.jar";"../lib/epsonupos.d30.jar";"../lib/epsonupos.H2000.jar";"../lib/epsonupos.H6000IV.jar";"../lib/epsonupos.J7K.jar";"../lib/epsonupos.jar";"../lib/epsonupos.L90.jar";"../lib/epsonupos.L90LinerFree.jar";"../lib/epsonupos.m30.jar";"../lib/epsonupos.Mobile.jar";"../lib/epsonupos.P20.jar";"../lib/epsonupos.P60II.jar";"../lib/epsonupos.P80.jar";"../lib/epsonupos.previous.jar";"../lib/epsonupos.T20.jar";"../lib/epsonupos.T20II.jar";"../lib/epsonupos.T70II.jar";"../lib/epsonupos.T81.jar";"../lib/epsonupos.T81II.jar";"../lib/epsonupos.T82.jar";"../lib/epsonupos.T82II.jar";"../lib/epsonupos.T88V.jar";"../lib/epsonupos.T88VI.jar";"../lib/epsonupos.trace.jar";"C:\Users\trPOSdev\AppData\Local\Temp\SetupPOS851444669377943571.jar";"../lib/pos.jar";"../lib/pos.v4.0001.jar";"../lib/pos.v4.0001_01.jar";"../lib/pos.v4.0001_02.jar";"";"../lib/uposcommon.jar";"../lib/uposcommon.core.v1.14.0001.jar";"../lib/uposcommon.core.v1.14.0001m.jar";"../lib/xml-apis.jar";"../lib/xercesImpl.jar" jp.co.epson.upos.CheckHealth POSPrinter POSPrinter en_US
1512928573022 TRACE -> MainFrame$9.widgetSelected(): CheckHealth result 0
1512928573022 TRACE -> MainFrame$9.widgetSelected(): CheckHealth execute command = "java.exe" -classpath "./SetupPOS.jar";"./SetupRES.jar";"./SetupXML.jar";"./SetupXML_H2000.jar";"./SetupXML_H6000IV.jar";"./SetupXML_J7200.jar";"./SetupXML_J7700.jar";"./SetupXML_L90.jar";"./SetupXML_L90LinerFree.jar";"./SetupXML_m10.jar";"./SetupXML_m30.jar";"./SetupXML_m30_Mlt.jar";"./SetupXML_P20.jar";"./SetupXML_P60II.jar";"./SetupXML_P60IIPEELER.jar";"./SetupXML_P80.jar";"./SetupXML_P80-42C.jar";"./SetupXML_T20.jar";"./SetupXML_T20-42C.jar";"./SetupXML_T20II.jar";"./SetupXML_T20II-42C.jar";"./SetupXML_T60.jar";"./SetupXML_T60-42C.jar";"./SetupXML_T70II.jar";"./SetupXML_T81_203.jar";"./SetupXML_T81II.jar";"./SetupXML_T81II-42C.jar";"./SetupXML_T82.jar";"./SetupXML_T82-42C.jar";"./SetupXML_T82II.jar";"./SetupXML_T82II-42C.jar";"./SetupXML_T88V.jar";"./SetupXML_T88VI.jar";"./SetupXML_T88VI_MltIF.jar";"./swt.jar";"./xerces.jar";"./xercesImpl.jar";"../CheckHealth/CheckHealthTest.jar";"../lib/epsonupos.admin.jar";"../lib/epsonupos.core.v1.14.0001.jar";"../lib/epsonupos.core.v1.14.0001m.jar";"../lib/epsonupos.core.v1.14.0001T1.jar";"../lib/epsonupos.d30.jar";"../lib/epsonupos.H2000.jar";"../lib/epsonupos.H6000IV.jar";"../lib/epsonupos.J7K.jar";"../lib/epsonupos.jar";"../lib/epsonupos.L90.jar";"../lib/epsonupos.L90LinerFree.jar";"../lib/epsonupos.m30.jar";"../lib/epsonupos.Mobile.jar";"../lib/epsonupos.P20.jar";"../lib/epsonupos.P60II.jar";"../lib/epsonupos.P80.jar";"../lib/epsonupos.previous.jar";"../lib/epsonupos.T20.jar";"../lib/epsonupos.T20II.jar";"../lib/epsonupos.T70II.jar";"../lib/epsonupos.T81.jar";"../lib/epsonupos.T81II.jar";"../lib/epsonupos.T82.jar";"../lib/epsonupos.T82II.jar";"../lib/epsonupos.T88V.jar";"../lib/epsonupos.T88VI.jar";"../lib/epsonupos.trace.jar";"C:\Users\trPOSdev\AppData\Local\Temp\SetupPOS851444669377943571.jar";"../lib/pos.jar";"../lib/pos.v4.0001.jar";"../lib/pos.v4.0001_01.jar";"../lib/pos.v4.0001_02.jar";"";"../lib/uposcommon.jar";"../lib/uposcommon.core.v1.14.0001.jar";"../lib/uposcommon.core.v1.14.0001m.jar";"../lib/xml-apis.jar";"../lib/xercesImpl.jar" jp.co.epson.upos.CheckHealth POSPrinter POSPrinter en_US
1512928575187 TRACE -> MainFrame.exitSetupPOS(): SetupPOS session ended.
1512928575222 TRACE -> SetupPOS.main(): SetupPOS session ended.

2017-12-10 @ 18:57:44:009 +0100
1512928656664 TRACE -> SetupPOS.main(): Welcome to SetupPOS
1512928656664 TRACE -> SetupPOS.main(): Printing System Properties - start
1512928656682 TRACE -> SetupPOS.main(): java.home = C:\Program Files\Java\jre1.8.0_151
1512928656682 TRACE -> SetupPOS.main(): java.vm.vendor = Oracle Corporation
1512928656682 TRACE -> SetupPOS.main(): java.runtime.name = Java(TM) SE Runtime Environment
1512928656682 TRACE -> SetupPOS.main(): java.vm.version = 25.151-b12
1512928656682 TRACE -> SetupPOS.main(): user.dir = C:\Program Files\EPSON\JavaPOS\SetupPOS
1512928656682 TRACE -> SetupPOS.main(): os.arch = x86
1512928656688 TRACE -> SetupPOS.main(): os.name = Windows 7
1512928656688 TRACE -> SetupPOS.main(): devsupport = null
1512928656688 TRACE -> SetupPOS.main(): backwardsComp = null
1512928656688 TRACE -> SetupPOS.main(): os.version = 6.1
1512928656688 TRACE -> SetupPOS.main(): user.country = DE
1512928656691 TRACE -> SetupPOS.main(): user.language = de
1512928656691 TRACE -> SetupPOS.main(): Printing System Properties - end.
1512928688496 TRACE -> MainFrame$9.widgetSelected(): CheckHealth result 0
1512928688496 TRACE -> MainFrame$9.widgetSelected(): CheckHealth execute command = "java.exe" -classpath "./SetupPOS.jar";"./SetupRES.jar";"./SetupXML.jar";"./SetupXML_H2000.jar";"./SetupXML_H6000IV.jar";"./SetupXML_J7200.jar";"./SetupXML_J7700.jar";"./SetupXML_L90.jar";"./SetupXML_L90LinerFree.jar";"./SetupXML_m10.jar";"./SetupXML_m30.jar";"./SetupXML_m30_Mlt.jar";"./SetupXML_P20.jar";"./SetupXML_P60II.jar";"./SetupXML_P60IIPEELER.jar";"./SetupXML_P80.jar";"./SetupXML_P80-42C.jar";"./SetupXML_T20.jar";"./SetupXML_T20-42C.jar";"./SetupXML_T20II.jar";"./SetupXML_T20II-42C.jar";"./SetupXML_T60.jar";"./SetupXML_T60-42C.jar";"./SetupXML_T70II.jar";"./SetupXML_T81_203.jar";"./SetupXML_T81II.jar";"./SetupXML_T81II-42C.jar";"./SetupXML_T82.jar";"./SetupXML_T82-42C.jar";"./SetupXML_T82II.jar";"./SetupXML_T82II-42C.jar";"./SetupXML_T88V.jar";"./SetupXML_T88VI.jar";"./SetupXML_T88VI_MltIF.jar";"./swt.jar";"./xerces.jar";"./xercesImpl.jar";"../CheckHealth/CheckHealthTest.jar";"../lib/epsonupos.admin.jar";"../lib/epsonupos.core.v1.14.0001.jar";"../lib/epsonupos.core.v1.14.0001m.jar";"../lib/epsonupos.core.v1.14.0001T1.jar";"../lib/epsonupos.d30.jar";"../lib/epsonupos.H2000.jar";"../lib/epsonupos.H6000IV.jar";"../lib/epsonupos.J7K.jar";"../lib/epsonupos.jar";"../lib/epsonupos.L90.jar";"../lib/epsonupos.L90LinerFree.jar";"../lib/epsonupos.m30.jar";"../lib/epsonupos.Mobile.jar";"../lib/epsonupos.P20.jar";"../lib/epsonupos.P60II.jar";"../lib/epsonupos.P80.jar";"../lib/epsonupos.previous.jar";"../lib/epsonupos.T20.jar";"../lib/epsonupos.T20II.jar";"../lib/epsonupos.T70II.jar";"../lib/epsonupos.T81.jar";"../lib/epsonupos.T81II.jar";"../lib/epsonupos.T82.jar";"../lib/epsonupos.T82II.jar";"../lib/epsonupos.T88V.jar";"../lib/epsonupos.T88VI.jar";"../lib/epsonupos.trace.jar";"../lib/jpos1141.jar";"../lib/pos.jar";"../lib/pos.v4.0001.jar";"../lib/pos.v4.0001_01.jar";"../lib/pos.v4.0001_02.jar";"";"../lib/uposcommon.jar";"../lib/uposcommon.core.v1.14.0001.jar";"../lib/uposcommon.core.v1.14.0001m.jar";"../lib/xml-apis.jar";"../lib/xercesImpl.jar" jp.co.epson.upos.CheckHealth POSPrinter POSPrinter en_US
1512928714211 TRACE -> MainFrame$9.widgetSelected(): CheckHealth result 0
1512928714211 TRACE -> MainFrame$9.widgetSelected(): CheckHealth execute command = "java.exe" -classpath "./SetupPOS.jar";"./SetupRES.jar";"./SetupXML.jar";"./SetupXML_H2000.jar";"./SetupXML_H6000IV.jar";"./SetupXML_J7200.jar";"./SetupXML_J7700.jar";"./SetupXML_L90.jar";"./SetupXML_L90LinerFree.jar";"./SetupXML_m10.jar";"./SetupXML_m30.jar";"./SetupXML_m30_Mlt.jar";"./SetupXML_P20.jar";"./SetupXML_P60II.jar";"./SetupXML_P60IIPEELER.jar";"./SetupXML_P80.jar";"./SetupXML_P80-42C.jar";"./SetupXML_T20.jar";"./SetupXML_T20-42C.jar";"./SetupXML_T20II.jar";"./SetupXML_T20II-42C.jar";"./SetupXML_T60.jar";"./SetupXML_T60-42C.jar";"./SetupXML_T70II.jar";"./SetupXML_T81_203.jar";"./SetupXML_T81II.jar";"./SetupXML_T81II-42C.jar";"./SetupXML_T82.jar";"./SetupXML_T82-42C.jar";"./SetupXML_T82II.jar";"./SetupXML_T82II-42C.jar";"./SetupXML_T88V.jar";"./SetupXML_T88VI.jar";"./SetupXML_T88VI_MltIF.jar";"./swt.jar";"./xerces.jar";"./xercesImpl.jar";"../CheckHealth/CheckHealthTest.jar";"../lib/epsonupos.admin.jar";"../lib/epsonupos.core.v1.14.0001.jar";"../lib/epsonupos.core.v1.14.0001m.jar";"../lib/epsonupos.core.v1.14.0001T1.jar";"../lib/epsonupos.d30.jar";"../lib/epsonupos.H2000.jar";"../lib/epsonupos.H6000IV.jar";"../lib/epsonupos.J7K.jar";"../lib/epsonupos.jar";"../lib/epsonupos.L90.jar";"../lib/epsonupos.L90LinerFree.jar";"../lib/epsonupos.m30.jar";"../lib/epsonupos.Mobile.jar";"../lib/epsonupos.P20.jar";"../lib/epsonupos.P60II.jar";"../lib/epsonupos.P80.jar";"../lib/epsonupos.previous.jar";"../lib/epsonupos.T20.jar";"../lib/epsonupos.T20II.jar";"../lib/epsonupos.T70II.jar";"../lib/epsonupos.T81.jar";"../lib/epsonupos.T81II.jar";"../lib/epsonupos.T82.jar";"../lib/epsonupos.T82II.jar";"../lib/epsonupos.T88V.jar";"../lib/epsonupos.T88VI.jar";"../lib/epsonupos.trace.jar";"../lib/jpos1141.jar";"../lib/pos.jar";"../lib/pos.v4.0001.jar";"../lib/pos.v4.0001_01.jar";"../lib/pos.v4.0001_02.jar";"";"../lib/uposcommon.jar";"../lib/uposcommon.core.v1.14.0001.jar";"../lib/uposcommon.core.v1.14.0001m.jar";"../lib/xml-apis.jar";"../lib/xercesImpl.jar" jp.co.epson.upos.CheckHealth POSPrinter POSPrinter en_US
1512928736819 TRACE -> MainFrame$9.widgetSelected(): CheckHealth result 0
1512928736819 TRACE -> MainFrame$9.widgetSelected(): CheckHealth execute command = "java.exe" -classpath "./SetupPOS.jar";"./SetupRES.jar";"./SetupXML.jar";"./SetupXML_H2000.jar";"./SetupXML_H6000IV.jar";"./SetupXML_J7200.jar";"./SetupXML_J7700.jar";"./SetupXML_L90.jar";"./SetupXML_L90LinerFree.jar";"./SetupXML_m10.jar";"./SetupXML_m30.jar";"./SetupXML_m30_Mlt.jar";"./SetupXML_P20.jar";"./SetupXML_P60II.jar";"./SetupXML_P60IIPEELER.jar";"./SetupXML_P80.jar";"./SetupXML_P80-42C.jar";"./SetupXML_T20.jar";"./SetupXML_T20-42C.jar";"./SetupXML_T20II.jar";"./SetupXML_T20II-42C.jar";"./SetupXML_T60.jar";"./SetupXML_T60-42C.jar";"./SetupXML_T70II.jar";"./SetupXML_T81_203.jar";"./SetupXML_T81II.jar";"./SetupXML_T81II-42C.jar";"./SetupXML_T82.jar";"./SetupXML_T82-42C.jar";"./SetupXML_T82II.jar";"./SetupXML_T82II-42C.jar";"./SetupXML_T88V.jar";"./SetupXML_T88VI.jar";"./SetupXML_T88VI_MltIF.jar";"./swt.jar";"./xerces.jar";"./xercesImpl.jar";"../CheckHealth/CheckHealthTest.jar";"../lib/epsonupos.admin.jar";"../lib/epsonupos.core.v1.14.0001.jar";"../lib/epsonupos.core.v1.14.0001m.jar";"../lib/epsonupos.core.v1.14.0001T1.jar";"../lib/epsonupos.d30.jar";"../lib/epsonupos.H2000.jar";"../lib/epsonupos.H6000IV.jar";"../lib/epsonupos.J7K.jar";"../lib/epsonupos.jar";"../lib/epsonupos.L90.jar";"../lib/epsonupos.L90LinerFree.jar";"../lib/epsonupos.m30.jar";"../lib/epsonupos.Mobile.jar";"../lib/epsonupos.P20.jar";"../lib/epsonupos.P60II.jar";"../lib/epsonupos.P80.jar";"../lib/epsonupos.previous.jar";"../lib/epsonupos.T20.jar";"../lib/epsonupos.T20II.jar";"../lib/epsonupos.T70II.jar";"../lib/epsonupos.T81.jar";"../lib/epsonupos.T81II.jar";"../lib/epsonupos.T82.jar";"../lib/epsonupos.T82II.jar";"../lib/epsonupos.T88V.jar";"../lib/epsonupos.T88VI.jar";"../lib/epsonupos.trace.jar";"../lib/jpos1141.jar";"../lib/pos.jar";"../lib/pos.v4.0001.jar";"../lib/pos.v4.0001_01.jar";"../lib/pos.v4.0001_02.jar";"";"../lib/uposcommon.jar";"../lib/uposcommon.core.v1.14.0001.jar";"../lib/uposcommon.core.v1.14.0001m.jar";"../lib/xml-apis.jar";"../lib/xercesImpl.jar" jp.co.epson.upos.CheckHealth POSPrinter POSPrinter en_US
1512928747520 TRACE -> MainFrame$9.widgetSelected(): CheckHealth result 0
1512928747520 TRACE -> MainFrame$9.widgetSelected(): CheckHealth execute command = "java.exe" -classpath "./SetupPOS.jar";"./SetupRES.jar";"./SetupXML.jar";"./SetupXML_H2000.jar";"./SetupXML_H6000IV.jar";"./SetupXML_J7200.jar";"./SetupXML_J7700.jar";"./SetupXML_L90.jar";"./SetupXML_L90LinerFree.jar";"./SetupXML_m10.jar";"./SetupXML_m30.jar";"./SetupXML_m30_Mlt.jar";"./SetupXML_P20.jar";"./SetupXML_P60II.jar";"./SetupXML_P60IIPEELER.jar";"./SetupXML_P80.jar";"./SetupXML_P80-42C.jar";"./SetupXML_T20.jar";"./SetupXML_T20-42C.jar";"./SetupXML_T20II.jar";"./SetupXML_T20II-42C.jar";"./SetupXML_T60.jar";"./SetupXML_T60-42C.jar";"./SetupXML_T70II.jar";"./SetupXML_T81_203.jar";"./SetupXML_T81II.jar";"./SetupXML_T81II-42C.jar";"./SetupXML_T82.jar";"./SetupXML_T82-42C.jar";"./SetupXML_T82II.jar";"./SetupXML_T82II-42C.jar";"./SetupXML_T88V.jar";"./SetupXML_T88VI.jar";"./SetupXML_T88VI_MltIF.jar";"./swt.jar";"./xerces.jar";"./xercesImpl.jar";"../CheckHealth/CheckHealthTest.jar";"../lib/epsonupos.admin.jar";"../lib/epsonupos.core.v1.14.0001.jar";"../lib/epsonupos.core.v1.14.0001m.jar";"../lib/epsonupos.core.v1.14.0001T1.jar";"../lib/epsonupos.d30.jar";"../lib/epsonupos.H2000.jar";"../lib/epsonupos.H6000IV.jar";"../lib/epsonupos.J7K.jar";"../lib/epsonupos.jar";"../lib/epsonupos.L90.jar";"../lib/epsonupos.L90LinerFree.jar";"../lib/epsonupos.m30.jar";"../lib/epsonupos.Mobile.jar";"../lib/epsonupos.P20.jar";"../lib/epsonupos.P60II.jar";"../lib/epsonupos.P80.jar";"../lib/epsonupos.previous.jar";"../lib/epsonupos.T20.jar";"../lib/epsonupos.T20II.jar";"../lib/epsonupos.T70II.jar";"../lib/epsonupos.T81.jar";"../lib/epsonupos.T81II.jar";"../lib/epsonupos.T82.jar";"../lib/epsonupos.T82II.jar";"../lib/epsonupos.T88V.jar";"../lib/epsonupos.T88VI.jar";"../lib/epsonupos.trace.jar";"../lib/jpos1141.jar";"../lib/pos.jar";"../lib/pos.v4.0001.jar";"../lib/pos.v4.0001_01.jar";"../lib/pos.v4.0001_02.jar";"";"../lib/uposcommon.jar";"../lib/uposcommon.core.v1.14.0001.jar";"../lib/uposcommon.core.v1.14.0001m.jar";"../lib/xml-apis.jar";"../lib/xercesImpl.jar" jp.co.epson.upos.CheckHealth POSPrinter POSPrinter en_US
1512928767057 TRACE -> MainFrame.exitSetupPOS(): SetupPOS session ended.
1512928767071 TRACE -> SetupPOS.main(): SetupPOS session ended.

2017-12-10 @ 20:34:04:033 +0100
1512934440968 TRACE -> SetupPOS.main(): Welcome to SetupPOS
1512934440968 TRACE -> SetupPOS.main(): Printing System Properties - start
1512934440968 TRACE -> SetupPOS.main(): java.home = C:\Program Files\Java\jre1.8.0_151
1512934440968 TRACE -> SetupPOS.main(): java.vm.vendor = Oracle Corporation
1512934440968 TRACE -> SetupPOS.main(): java.runtime.name = Java(TM) SE Runtime Environment
1512934440968 TRACE -> SetupPOS.main(): java.vm.version = 25.151-b12
1512934440968 TRACE -> SetupPOS.main(): user.dir = C:\Program Files\EPSON\JavaPOS\SetupPOS
1512934440968 TRACE -> SetupPOS.main(): os.arch = x86
1512934440968 TRACE -> SetupPOS.main(): os.name = Windows 7
1512934440968 TRACE -> SetupPOS.main(): devsupport = null
1512934440968 TRACE -> SetupPOS.main(): backwardsComp = null
1512934440968 TRACE -> SetupPOS.main(): os.version = 6.1
1512934440968 TRACE -> SetupPOS.main(): user.country = DE
1512934440968 TRACE -> SetupPOS.main(): user.language = de
1512934440968 TRACE -> SetupPOS.main(): Printing System Properties - end.
1512934473538 TRACE -> MainFrame$9.widgetSelected(): CheckHealth result 0
1512934473538 TRACE -> MainFrame$9.widgetSelected(): CheckHealth execute command = "java.exe" -classpath "./SetupPOS.jar";"./SetupRES.jar";"./SetupXML.jar";"./SetupXML_H2000.jar";"./SetupXML_H6000IV.jar";"./SetupXML_J7200.jar";"./SetupXML_J7700.jar";"./SetupXML_L90.jar";"./SetupXML_L90LinerFree.jar";"./SetupXML_m10.jar";"./SetupXML_m30.jar";"./SetupXML_m30_Mlt.jar";"./SetupXML_P20.jar";"./SetupXML_P60II.jar";"./SetupXML_P60IIPEELER.jar";"./SetupXML_P80.jar";"./SetupXML_P80-42C.jar";"./SetupXML_T20.jar";"./SetupXML_T20-42C.jar";"./SetupXML_T20II.jar";"./SetupXML_T20II-42C.jar";"./SetupXML_T60.jar";"./SetupXML_T60-42C.jar";"./SetupXML_T70II.jar";"./SetupXML_T81_203.jar";"./SetupXML_T81II.jar";"./SetupXML_T81II-42C.jar";"./SetupXML_T82.jar";"./SetupXML_T82-42C.jar";"./SetupXML_T82II.jar";"./SetupXML_T82II-42C.jar";"./SetupXML_T88V.jar";"./SetupXML_T88VI.jar";"./SetupXML_T88VI_MltIF.jar";"./swt.jar";"./xerces.jar";"./xercesImpl.jar";"../CheckHealth/CheckHealthTest.jar";"../lib/epsonupos.admin.jar";"../lib/epsonupos.core.v1.14.0001.jar";"../lib/epsonupos.core.v1.14.0001m.jar";"../lib/epsonupos.core.v1.14.0001T1.jar";"../lib/epsonupos.d30.jar";"../lib/epsonupos.H2000.jar";"../lib/epsonupos.H6000IV.jar";"../lib/epsonupos.J7K.jar";"../lib/epsonupos.jar";"../lib/epsonupos.L90.jar";"../lib/epsonupos.L90LinerFree.jar";"../lib/epsonupos.m30.jar";"../lib/epsonupos.Mobile.jar";"../lib/epsonupos.P20.jar";"../lib/epsonupos.P60II.jar";"../lib/epsonupos.P80.jar";"../lib/epsonupos.previous.jar";"../lib/epsonupos.T20.jar";"../lib/epsonupos.T20II.jar";"../lib/epsonupos.T70II.jar";"../lib/epsonupos.T81.jar";"../lib/epsonupos.T81II.jar";"../lib/epsonupos.T82.jar";"../lib/epsonupos.T82II.jar";"../lib/epsonupos.T88V.jar";"../lib/epsonupos.T88VI.jar";"../lib/epsonupos.trace.jar";"../lib/jpos1141.jar";"../lib/pos.jar";"../lib/pos.v4.0001.jar";"../lib/pos.v4.0001_01.jar";"../lib/pos.v4.0001_02.jar";"";"../lib/uposcommon.jar";"../lib/uposcommon.core.v1.14.0001.jar";"../lib/uposcommon.core.v1.14.0001m.jar";"../lib/xml-apis.jar";"../lib/xercesImpl.jar" jp.co.epson.upos.CheckHealth POSPrinter POSPrinter en_US
1512934499038 TRACE -> MainFrame$9.widgetSelected(): CheckHealth result 0
1512934499038 TRACE -> MainFrame$9.widgetSelected(): CheckHealth execute command = "java.exe" -classpath "./SetupPOS.jar";"./SetupRES.jar";"./SetupXML.jar";"./SetupXML_H2000.jar";"./SetupXML_H6000IV.jar";"./SetupXML_J7200.jar";"./SetupXML_J7700.jar";"./SetupXML_L90.jar";"./SetupXML_L90LinerFree.jar";"./SetupXML_m10.jar";"./SetupXML_m30.jar";"./SetupXML_m30_Mlt.jar";"./SetupXML_P20.jar";"./SetupXML_P60II.jar";"./SetupXML_P60IIPEELER.jar";"./SetupXML_P80.jar";"./SetupXML_P80-42C.jar";"./SetupXML_T20.jar";"./SetupXML_T20-42C.jar";"./SetupXML_T20II.jar";"./SetupXML_T20II-42C.jar";"./SetupXML_T60.jar";"./SetupXML_T60-42C.jar";"./SetupXML_T70II.jar";"./SetupXML_T81_203.jar";"./SetupXML_T81II.jar";"./SetupXML_T81II-42C.jar";"./SetupXML_T82.jar";"./SetupXML_T82-42C.jar";"./SetupXML_T82II.jar";"./SetupXML_T82II-42C.jar";"./SetupXML_T88V.jar";"./SetupXML_T88VI.jar";"./SetupXML_T88VI_MltIF.jar";"./swt.jar";"./xerces.jar";"./xercesImpl.jar";"../CheckHealth/CheckHealthTest.jar";"../lib/epsonupos.admin.jar";"../lib/epsonupos.core.v1.14.0001.jar";"../lib/epsonupos.core.v1.14.0001m.jar";"../lib/epsonupos.core.v1.14.0001T1.jar";"../lib/epsonupos.d30.jar";"../lib/epsonupos.H2000.jar";"../lib/epsonupos.H6000IV.jar";"../lib/epsonupos.J7K.jar";"../lib/epsonupos.jar";"../lib/epsonupos.L90.jar";"../lib/epsonupos.L90LinerFree.jar";"../lib/epsonupos.m30.jar";"../lib/epsonupos.Mobile.jar";"../lib/epsonupos.P20.jar";"../lib/epsonupos.P60II.jar";"../lib/epsonupos.P80.jar";"../lib/epsonupos.previous.jar";"../lib/epsonupos.T20.jar";"../lib/epsonupos.T20II.jar";"../lib/epsonupos.T70II.jar";"../lib/epsonupos.T81.jar";"../lib/epsonupos.T81II.jar";"../lib/epsonupos.T82.jar";"../lib/epsonupos.T82II.jar";"../lib/epsonupos.T88V.jar";"../lib/epsonupos.T88VI.jar";"../lib/epsonupos.trace.jar";"../lib/jpos1141.jar";"../lib/pos.jar";"../lib/pos.v4.0001.jar";"../lib/pos.v4.0001_01.jar";"../lib/pos.v4.0001_02.jar";"";"../lib/uposcommon.jar";"../lib/uposcommon.core.v1.14.0001.jar";"../lib/uposcommon.core.v1.14.0001m.jar";"../lib/xml-apis.jar";"../lib/xercesImpl.jar" jp.co.epson.upos.CheckHealth POSPrinter POSPrinter en_US
1512934515114 TRACE -> MainFrame$9.widgetSelected(): CheckHealth result 0
1512934515114 TRACE -> MainFrame$9.widgetSelected(): CheckHealth execute command = "java.exe" -classpath "./SetupPOS.jar";"./SetupRES.jar";"./SetupXML.jar";"./SetupXML_H2000.jar";"./SetupXML_H6000IV.jar";"./SetupXML_J7200.jar";"./SetupXML_J7700.jar";"./SetupXML_L90.jar";"./SetupXML_L90LinerFree.jar";"./SetupXML_m10.jar";"./SetupXML_m30.jar";"./SetupXML_m30_Mlt.jar";"./SetupXML_P20.jar";"./SetupXML_P60II.jar";"./SetupXML_P60IIPEELER.jar";"./SetupXML_P80.jar";"./SetupXML_P80-42C.jar";"./SetupXML_T20.jar";"./SetupXML_T20-42C.jar";"./SetupXML_T20II.jar";"./SetupXML_T20II-42C.jar";"./SetupXML_T60.jar";"./SetupXML_T60-42C.jar";"./SetupXML_T70II.jar";"./SetupXML_T81_203.jar";"./SetupXML_T81II.jar";"./SetupXML_T81II-42C.jar";"./SetupXML_T82.jar";"./SetupXML_T82-42C.jar";"./SetupXML_T82II.jar";"./SetupXML_T82II-42C.jar";"./SetupXML_T88V.jar";"./SetupXML_T88VI.jar";"./SetupXML_T88VI_MltIF.jar";"./swt.jar";"./xerces.jar";"./xercesImpl.jar";"../CheckHealth/CheckHealthTest.jar";"../lib/epsonupos.admin.jar";"../lib/epsonupos.core.v1.14.0001.jar";"../lib/epsonupos.core.v1.14.0001m.jar";"../lib/epsonupos.core.v1.14.0001T1.jar";"../lib/epsonupos.d30.jar";"../lib/epsonupos.H2000.jar";"../lib/epsonupos.H6000IV.jar";"../lib/epsonupos.J7K.jar";"../lib/epsonupos.jar";"../lib/epsonupos.L90.jar";"../lib/epsonupos.L90LinerFree.jar";"../lib/epsonupos.m30.jar";"../lib/epsonupos.Mobile.jar";"../lib/epsonupos.P20.jar";"../lib/epsonupos.P60II.jar";"../lib/epsonupos.P80.jar";"../lib/epsonupos.previous.jar";"../lib/epsonupos.T20.jar";"../lib/epsonupos.T20II.jar";"../lib/epsonupos.T70II.jar";"../lib/epsonupos.T81.jar";"../lib/epsonupos.T81II.jar";"../lib/epsonupos.T82.jar";"../lib/epsonupos.T82II.jar";"../lib/epsonupos.T88V.jar";"../lib/epsonupos.T88VI.jar";"../lib/epsonupos.trace.jar";"../lib/jpos1141.jar";"../lib/pos.jar";"../lib/pos.v4.0001.jar";"../lib/pos.v4.0001_01.jar";"../lib/pos.v4.0001_02.jar";"";"../lib/uposcommon.jar";"../lib/uposcommon.core.v1.14.0001.jar";"../lib/uposcommon.core.v1.14.0001m.jar";"../lib/xml-apis.jar";"../lib/xercesImpl.jar" jp.co.epson.upos.CheckHealth POSPrinter POSPrinter en_US
1512934526033 TRACE -> MainFrame$9.widgetSelected(): CheckHealth result 0
1512934526033 TRACE -> MainFrame$9.widgetSelected(): CheckHealth execute command = "java.exe" -classpath "./SetupPOS.jar";"./SetupRES.jar";"./SetupXML.jar";"./SetupXML_H2000.jar";"./SetupXML_H6000IV.jar";"./SetupXML_J7200.jar";"./SetupXML_J7700.jar";"./SetupXML_L90.jar";"./SetupXML_L90LinerFree.jar";"./SetupXML_m10.jar";"./SetupXML_m30.jar";"./SetupXML_m30_Mlt.jar";"./SetupXML_P20.jar";"./SetupXML_P60II.jar";"./SetupXML_P60IIPEELER.jar";"./SetupXML_P80.jar";"./SetupXML_P80-42C.jar";"./SetupXML_T20.jar";"./SetupXML_T20-42C.jar";"./SetupXML_T20II.jar";"./SetupXML_T20II-42C.jar";"./SetupXML_T60.jar";"./SetupXML_T60-42C.jar";"./SetupXML_T70II.jar";"./SetupXML_T81_203.jar";"./SetupXML_T81II.jar";"./SetupXML_T81II-42C.jar";"./SetupXML_T82.jar";"./SetupXML_T82-42C.jar";"./SetupXML_T82II.jar";"./SetupXML_T82II-42C.jar";"./SetupXML_T88V.jar";"./SetupXML_T88VI.jar";"./SetupXML_T88VI_MltIF.jar";"./swt.jar";"./xerces.jar";"./xercesImpl.jar";"../CheckHealth/CheckHealthTest.jar";"../lib/epsonupos.admin.jar";"../lib/epsonupos.core.v1.14.0001.jar";"../lib/epsonupos.core.v1.14.0001m.jar";"../lib/epsonupos.core.v1.14.0001T1.jar";"../lib/epsonupos.d30.jar";"../lib/epsonupos.H2000.jar";"../lib/epsonupos.H6000IV.jar";"../lib/epsonupos.J7K.jar";"../lib/epsonupos.jar";"../lib/epsonupos.L90.jar";"../lib/epsonupos.L90LinerFree.jar";"../lib/epsonupos.m30.jar";"../lib/epsonupos.Mobile.jar";"../lib/epsonupos.P20.jar";"../lib/epsonupos.P60II.jar";"../lib/epsonupos.P80.jar";"../lib/epsonupos.previous.jar";"../lib/epsonupos.T20.jar";"../lib/epsonupos.T20II.jar";"../lib/epsonupos.T70II.jar";"../lib/epsonupos.T81.jar";"../lib/epsonupos.T81II.jar";"../lib/epsonupos.T82.jar";"../lib/epsonupos.T82II.jar";"../lib/epsonupos.T88V.jar";"../lib/epsonupos.T88VI.jar";"../lib/epsonupos.trace.jar";"../lib/jpos1141.jar";"../lib/pos.jar";"../lib/pos.v4.0001.jar";"../lib/pos.v4.0001_01.jar";"../lib/pos.v4.0001_02.jar";"";"../lib/uposcommon.jar";"../lib/uposcommon.core.v1.14.0001.jar";"../lib/uposcommon.core.v1.14.0001m.jar";"../lib/xml-apis.jar";"../lib/xercesImpl.jar" jp.co.epson.upos.CheckHealth POSPrinter POSPrinter en_US
1512935373642 TRACE -> MainFrame.exitSetupPOS(): SetupPOS session ended.
1512935373642 TRACE -> SetupPOS.main(): SetupPOS session ended.

2017-12-23 @ 23:50:44:198 +0100
1514069443726 TRACE -> SetupPOS.main(): Welcome to SetupPOS
1514069443727 TRACE -> SetupPOS.main(): Printing System Properties - start
1514069443727 TRACE -> SetupPOS.main(): java.home = C:\Program Files\Java\jre1.8.0_151
1514069443727 TRACE -> SetupPOS.main(): java.vm.vendor = Oracle Corporation
1514069443727 TRACE -> SetupPOS.main(): java.runtime.name = Java(TM) SE Runtime Environment
1514069443727 TRACE -> SetupPOS.main(): java.vm.version = 25.151-b12
1514069443727 TRACE -> SetupPOS.main(): user.dir = C:\Program Files\EPSON\JavaPOS\SetupPOS
1514069443728 TRACE -> SetupPOS.main(): os.arch = x86
1514069443728 TRACE -> SetupPOS.main(): os.name = Windows 7
1514069443728 TRACE -> SetupPOS.main(): devsupport = null
1514069443728 TRACE -> SetupPOS.main(): backwardsComp = null
1514069443728 TRACE -> SetupPOS.main(): os.version = 6.1
1514069443728 TRACE -> SetupPOS.main(): user.country = DE
1514069443728 TRACE -> SetupPOS.main(): user.language = de
1514069443728 TRACE -> SetupPOS.main(): Printing System Properties - end.
1514069510418 TRACE -> JposUpdateDialog.saveTmp(): file location:C:\Program Files\EPSON\JavaPOS\SetupPOS\POSPrinter2.xml
1514069510452 TRACE -> MainFrame.exitSetupPOS(): SetupPOS session ended.
1514069510460 TRACE -> SetupPOS.main(): SetupPOS session ended.

2017-12-24 @ 00:17:50:201 +0100
1514071068156 TRACE -> SetupPOS.main(): Welcome to SetupPOS
1514071068157 TRACE -> SetupPOS.main(): Printing System Properties - start
1514071068157 TRACE -> SetupPOS.main(): java.home = C:\Program Files\Java\jre1.8.0_151
1514071068157 TRACE -> SetupPOS.main(): java.vm.vendor = Oracle Corporation
1514071068157 TRACE -> SetupPOS.main(): java.runtime.name = Java(TM) SE Runtime Environment
1514071068157 TRACE -> SetupPOS.main(): java.vm.version = 25.151-b12
1514071068157 TRACE -> SetupPOS.main(): user.dir = C:\Program Files\EPSON\JavaPOS\SetupPOS
1514071068159 TRACE -> SetupPOS.main(): os.arch = x86
1514071068159 TRACE -> SetupPOS.main(): os.name = Windows 7
1514071068159 TRACE -> SetupPOS.main(): devsupport = null
1514071068159 TRACE -> SetupPOS.main(): backwardsComp = null
1514071068159 TRACE -> SetupPOS.main(): os.version = 6.1
1514071068160 TRACE -> SetupPOS.main(): user.country = DE
1514071068160 TRACE -> SetupPOS.main(): user.language = de
1514071068160 TRACE -> SetupPOS.main(): Printing System Properties - end.
1514071072962 TRACE -> MainFrame.exitSetupPOS(): SetupPOS session ended.
1514071072987 TRACE -> SetupPOS.main(): SetupPOS session ended.
